<?xml version="1.0" encoding="UTF-8"?>
<!-- Generated by org.testng.reporters.JUnitReportReporter -->
<testsuite hostname="VIGNESHRAJIV" failures="0" tests="1" name="org.vijay.test.GoogleTest" time="17.731" errors="0" timestamp="2022-08-15T22:24:07 IST" skipped="0">
  <testcase classname="org.vijay.test.GoogleTest" name="searchLetcode" time="17.731"/>
  <system-out/>
</testsuite> <!-- org.vijay.test.GoogleTest -->
