<?xml version="1.0" encoding="UTF-8"?>
<!-- Generated by org.testng.reporters.JUnitReportReporter -->
<testsuite hostname="VIGNESHRAJIV" failures="0" tests="2" name="org.vijay.test.TC001Login" time="51.599" errors="0" timestamp="2022-08-15T09:50:45 IST" skipped="0">
  <testcase classname="org.vijay.test.TC001Login" name="loginTest" time="23.709"/>
  <system-out/>
  <testcase classname="org.vijay.test.TC001Login" name="loginTest" time="27.890"/>
  <system-out/>
</testsuite> <!-- org.vijay.test.TC001Login -->
